-------------------------------------------------------------------------------
Test set: tests.OrdersTest
-------------------------------------------------------------------------------
Tests run: 2, Failures: 0, Errors: 2, Skipped: 0, Time elapsed: 13.102 s <<< FAILURE! - in tests.OrdersTest
deliveryOrder  Time elapsed: 7.274 s  <<< ERROR!
org.openqa.selenium.ElementNotInteractableException: 
element not interactable
  (Session info: chrome=105.0.5195.127)
Build info: version: '4.4.0', revision: 'e5c75ed026a'
System info: host: 'DESKTOP-41GIL7R', ip: '192.168.0.103', os.name: 'Windows 10', os.arch: 'amd64', os.version: '10.0', java.version: '18.0.1.1'
Driver info: org.openqa.selenium.chrome.ChromeDriver
Command: [a442f48bc37e79bed79b01f2991b9acf, clickElement {id=d817148e-62c6-4a37-a34e-9a56ae9e848a}]
Capabilities {acceptInsecureCerts: false, browserName: chrome, browserVersion: 105.0.5195.127, chrome: {chromedriverVersion: 105.0.5195.52 (412c95e51883..., userDataDir: C:\Users\ssovi\AppData\Loca...}, goog:chromeOptions: {debuggerAddress: localhost:64450}, networkConnectionEnabled: false, pageLoadStrategy: normal, platformName: WINDOWS, proxy: Proxy(), se:cdp: ws://localhost:64450/devtoo..., se:cdpVersion: 105.0.5195.127, setWindowRect: true, strictFileInteractability: false, timeouts: {implicit: 0, pageLoad: 300000, script: 30000}, unhandledPromptBehavior: dismiss and notify, webauthn:extension:credBlob: true, webauthn:extension:largeBlob: true, webauthn:virtualAuthenticators: true}
Element: [[ChromeDriver: chrome on WINDOWS (a442f48bc37e79bed79b01f2991b9acf)] -> xpath: //label[@id='near-time']]
Session ID: a442f48bc37e79bed79b01f2991b9acf
	at tests.OrdersTest.deliveryOrder(OrdersTest.java:94)

pickupOrder  Time elapsed: 5.82 s  <<< ERROR!
org.openqa.selenium.ElementNotInteractableException: 
element not interactable
  (Session info: chrome=105.0.5195.127)
Build info: version: '4.4.0', revision: 'e5c75ed026a'
System info: host: 'DESKTOP-41GIL7R', ip: '192.168.0.103', os.name: 'Windows 10', os.arch: 'amd64', os.version: '10.0', java.version: '18.0.1.1'
Driver info: org.openqa.selenium.chrome.ChromeDriver
Command: [d8a8f070f5b38e56f9f760013d22ec2a, clickElement {id=5ab584e4-e018-4f6e-a80c-c8894d506212}]
Capabilities {acceptInsecureCerts: false, browserName: chrome, browserVersion: 105.0.5195.127, chrome: {chromedriverVersion: 105.0.5195.52 (412c95e51883..., userDataDir: C:\Users\ssovi\AppData\Loca...}, goog:chromeOptions: {debuggerAddress: localhost:64531}, networkConnectionEnabled: false, pageLoadStrategy: normal, platformName: WINDOWS, proxy: Proxy(), se:cdp: ws://localhost:64531/devtoo..., se:cdpVersion: 105.0.5195.127, setWindowRect: true, strictFileInteractability: false, timeouts: {implicit: 0, pageLoad: 300000, script: 30000}, unhandledPromptBehavior: dismiss and notify, webauthn:extension:credBlob: true, webauthn:extension:largeBlob: true, webauthn:virtualAuthenticators: true}
Element: [[ChromeDriver: chrome on WINDOWS (d8a8f070f5b38e56f9f760013d22ec2a)] -> xpath: //label[@id='near-time']]
Session ID: d8a8f070f5b38e56f9f760013d22ec2a
	at tests.OrdersTest.pickupOrder(OrdersTest.java:59)

