<?xml version="1.0" encoding="UTF-8"?>
<testsuite xmlns:xsi="http://www.w3.org/2001/XMLSchema-instance" xsi:noNamespaceSchemaLocation="https://maven.apache.org/surefire/maven-surefire-plugin/xsd/surefire-test-report.xsd" name="tests.HeaderTest" time="59.822" tests="14" errors="0" skipped="0" failures="0">
  <properties>
[...]
</properties>
  <testcase name="displayingDeliveryBtn" classname="tests.HeaderTest" time="6.734"/>
  <testcase name="redirectOnFeedbacksBtn" classname="tests.HeaderTest" time="4.095"/>
  <testcase name="displayingDiscountsBtn" classname="tests.HeaderTest" time="4.124"/>
  <testcase name="displayingContactsBtn" classname="tests.HeaderTest" time="4.394"/>
  <testcase name="displayingLogoDesk" classname="tests.HeaderTest" time="3.724"/>
  <testcase name="redirectOnDeliveryBtn" classname="tests.HeaderTest" time="4.967"/>
  <testcase name="redirectOnMenuBtn" classname="tests.HeaderTest" time="4.522"/>
  <testcase name="clickableLogoDesk" classname="tests.HeaderTest" time="4.308"/>
  <testcase name="redirectOnHomeBtn" classname="tests.HeaderTest" time="3.603"/>
  <testcase name="redirectOnContactsBtn" classname="tests.HeaderTest" time="3.975"/>
  <testcase name="redirectOnDiscountsBtn" classname="tests.HeaderTest" time="4.084"/>
  <testcase name="displayingMenuBtn" classname="tests.HeaderTest" time="3.827"/>
  <testcase name="displayingReviewsBtn" classname="tests.HeaderTest" time="3.642"/>
  <testcase name="displayingHomeBtn" classname="tests.HeaderTest" time="3.618"/>
</testsuite>